
> hex-mastery@0.0.0 build
> depcruise src --config config/dependency-cruiser.cjs && tsc -b && vite build


âœ” no dependency violations found (116 modules, 365 dependencies cruised)

src/bots/BotCoach.dynamic.test.ts(25,16): error TS2322: Type 'string' is not assignable to type '"placeSettlement" | "placeRoad" | "buildRoad" | "buildSettlement" | "buildCity" | "tradeBank" | "rollDice" | "endTurn" | "regenerateBoard" | "dismissRobber" | "buyDevCard"'.
src/bots/BotCoach.dynamic.test.ts(25,32): error TS2322: Type 'any[]' is not assignable to type '[] | [string]'.
  Type 'any[]' is not assignable to type '[string]'.
    Target requires 1 element(s) but source may have fewer.
src/bots/BotCoach.dynamic.test.ts(189,25): error TS2345: Argument of type 'string | undefined' is not assignable to parameter of type 'string'.
  Type 'undefined' is not assignable to type 'string'.
src/bots/BotCoach.test.ts(32,16): error TS2322: Type 'string' is not assignable to type '"placeSettlement" | "placeRoad" | "buildRoad" | "buildSettlement" | "buildCity" | "tradeBank" | "rollDice" | "endTurn" | "regenerateBoard" | "dismissRobber" | "buyDevCard"'.
src/bots/BotCoach.test.ts(32,32): error TS2322: Type 'any[]' is not assignable to type '[] | [string]'.
  Type 'any[]' is not assignable to type '[string]'.
    Target requires 1 element(s) but source may have fewer.
src/bots/CatanBot.ts(69,14): error TS2322: Type 'MakeMovePayload | _Omit<{ type: string; args: any; playerID: string; credentials: string; }, "credentials">' is not assignable to type 'MakeMovePayload'.
  Type '_Omit<{ type: string; args: any; playerID: string; credentials: string; }, "credentials">' is not assignable to type 'MakeMovePayload'.
    Type '_Omit<{ type: string; args: any; playerID: string; credentials: string; }, "credentials">' is not assignable to type '{ type: "buyDevCard"; args: []; playerID: string; credentials?: string | undefined; }'.
      Types of property 'type' are incompatible.
        Type 'string' is not assignable to type '"buyDevCard"'.
src/game/analysis/coach.ts(2,55): error TS6133: 'MoveArguments' is declared but its value is never read.
